<?xml version="1.0" encoding="UTF-8"?>
<!-- Generated by org.testng.reporters.JUnitReportReporter -->
<testsuite hostname="DESKTOP-KU9DNDF" failures="0" tests="1" name="pageObjectModelWthoutannotaions.WithoutindByAnnotations" time="51.480" errors="0" timestamp="2024-03-29T08:08:58 GMT" skipped="0">
  <testcase classname="pageObjectModelWthoutannotaions.WithoutindByAnnotations" name="test1" time="51.480"/>
</testsuite> <!-- pageObjectModelWthoutannotaions.WithoutindByAnnotations -->
