<?xml version="1.0" encoding="UTF-8"?>
<!-- Generated by org.testng.reporters.JUnitReportReporter -->
<testsuite hostname="DESKTOP-KU9DNDF" failures="0" tests="1" name="testCases.Testcase1" time="72.409" errors="0" timestamp="2024-03-29T07:44:56 GMT" skipped="0">
  <testcase classname="testCases.Testcase1" name="ToolsQATextBox" time="72.409"/>
</testsuite> <!-- testCases.Testcase1 -->
